%!Adobe-FontList 1.20
%Locale:0x409

%BeginFont
Handler:DirectoryHandler
FontType:Type1
FontName:FuturaStd-Bold
FamilyName:Futura Std
StyleName:Bold
MenuName:Futura Std Book
StyleBits:2
WeightClass:700
WidthClass:5
AngleClass:0
FullName:Futura Std Bold
WritingScript:Roman
OutlineFileName:/Volumes/marketing/EMI/Campaigns/USATodayCollegeGuide/2020_USATCG_ LandingPage Folder/Document fonts/FuturaStd-Bold.otf
DataFormat:sfntData
UsesStandardEncoding:yes
isCFF:yes
hasSVG:no
VariableFontType:NonVariableFont
FileLength:28280
FileModTime:209477592
DesignSize:120
NameArray:0,Mac,4,Futura Std Bold
NameArray:0,Win,1,Futura Std Book
NameArray:0,Win,16,Futura Std
%EndFont

%BeginFont
Handler:DirectoryHandler
FontType:TrueType
FontName:GothamBlack
FamilyName:Gotham Black
StyleName:Regular
MenuName:Gotham Black
StyleBits:0
WeightClass:900
WidthClass:5
AngleClass:0
FullName:Gotham Black
WritingScript:Roman
OutlineFileName:/Volumes/marketing/EMI/Campaigns/USATodayCollegeGuide/2020_USATCG_ LandingPage Folder/Document fonts/Gotham-Black.ttf
DataFormat:sfntData
hasSVG:no
VariableFontType:NonVariableFont
FileLength:65264
FileModTime:282463116
NameArray:0,Mac,4,Gotham Black
NameArray:0,Win,1,Gotham Black
%EndFont

%BeginFont
Handler:DirectoryHandler
FontType:Type1
FontName:Gotham-Book
FamilyName:Gotham
StyleName:Book
MenuName:Gotham Book
StyleBits:0
WeightClass:325
WidthClass:5
AngleClass:0
FullName:Gotham Book
WritingScript:Roman
OutlineFileName:/Volumes/marketing/EMI/Campaigns/USATodayCollegeGuide/2020_USATCG_ LandingPage Folder/Document fonts/Gotham-Book.otf
DataFormat:sfntData
UsesStandardEncoding:yes
isCFF:yes
hasSVG:no
VariableFontType:NonVariableFont
FileLength:150196
FileModTime:216858468
NameArray:0,Mac,4,Gotham Book
NameArray:0,Win,1,Gotham Book
NameArray:0,Win,16,Gotham
%EndFont

%BeginFont
Handler:DirectoryHandler
FontType:TrueType
FontName:GothamBook
FamilyName:Gotham Book
StyleName:Regular
MenuName:Gotham Book
StyleBits:0
WeightClass:400
WidthClass:5
AngleClass:0
FullName:Gotham Book
WritingScript:Roman
OutlineFileName:/Volumes/marketing/EMI/Campaigns/USATodayCollegeGuide/2020_USATCG_ LandingPage Folder/Document fonts/Gotham-Book.ttf
DataFormat:sfntData
hasSVG:no
VariableFontType:NonVariableFont
FileLength:66804
FileModTime:282463116
NameArray:0,Mac,4,Gotham Book
NameArray:0,Win,1,Gotham Book
%EndFont

%BeginFont
Handler:DirectoryHandler
FontType:TrueType
FontName:GothamBook-Italic
FamilyName:Gotham Book
StyleName:Italic
MenuName:Gotham Book
StyleBits:1
WeightClass:400
WidthClass:5
AngleClass:1
FullName:Gotham Book Italic
WritingScript:Roman
OutlineFileName:/Volumes/marketing/EMI/Campaigns/USATodayCollegeGuide/2020_USATCG_ LandingPage Folder/Document fonts/Gotham-BookItalic.ttf
DataFormat:sfntData
hasSVG:no
VariableFontType:NonVariableFont
FileLength:64536
FileModTime:282462914
NameArray:0,Mac,4,Gotham Book Italic
NameArray:0,Win,1,Gotham Book
%EndFont

%BeginFont
Handler:DirectoryHandler
FontType:Type1
FontName:Prelo-Bold
FamilyName:Prelo
StyleName:Bold
MenuName:Prelo Bold
StyleBits:0
WeightClass:400
WidthClass:5
AngleClass:0
FullName:Prelo-Bold
WritingScript:Roman
OutlineFileName:/Volumes/marketing/EMI/Campaigns/USATodayCollegeGuide/2020_USATCG_ LandingPage Folder/Document fonts/Prelo-Bold.otf
DataFormat:sfntData
UsesStandardEncoding:yes
isCFF:yes
hasSVG:no
VariableFontType:NonVariableFont
FileLength:63420
FileModTime:358704504
NameArray:0,Mac,4,Prelo-Bold
NameArray:0,Win,1,Prelo Bold
NameArray:0,Win,16,Prelo
%EndFont

